start: s
accept: stop
reject: rj
blank: _

s 0 -> s1 0 <
s 1 -> s1 1 <
s1 _ -> s2 $ >
s2 0 -> s2 0 >
s2 1 -> s2 1 >
s2 _ -> r # <
r 0 -> c0 . >
r 1 -> c1 . >
r $ -> copy . <
c0 . -> c0 . >
c0 # -> c0 # >
c0 0 -> c0 0 >
c0 1 -> c0 1 >
c0 _ -> p0 0 <
c1 . -> c1 . >
c1 # -> c1 # >
c1 0 -> c1 0 >
c1 1 -> c1 1 >
c1 _ -> p1 1 <
p0 0 -> p0 0 <
p0 1 -> p0 1 <
p0 . -> p0 . <
p0 # -> p0 # <
p0 $ -> p0 $ <
p0 _ -> m 0 >
p1 0 -> p1 0 <
p1 1 -> p1 1 <
p1 . -> p1 . <
p1 # -> p1 # <
p1 $ -> p1 $ <
p1 _ -> m 1 >
m 0 -> m 0 >
m 1 -> m 1 >
m $ -> m $ >
m . -> r . <
copy 0 -> paste0 . >
copy 1 -> paste1 . >
copy . -> copy . <
copy _ -> clear _ >
paste0 . -> paste0 . >
paste0 # -> paste0 . >
paste0 0 -> pr0 0 <
paste0 1 -> pr0 1 <
paste1 . -> paste1 . >
paste1 # -> paste1 . >
paste1 0 -> pr1 0 <
paste1 1 -> pr1 1 <
pr0 . -> copy 0 <
pr1 . -> copy 1 <
clear . -> clear _ >
clear 0 -> stop 0 ^
clear 1 -> stop 1 ^
