start: s
accept: stop
reject: rj
blank: _

s 0 -> s 0 <
s 1 -> s 1 <
s _ -> s1 # >
s1 0 -> s1 0 >
s1 1 -> s1 1 >
s1 + -> s1 + >
s1 # -> s1 # >
s1 . -> s1 . >
s1 _ -> fN _ <
s2 0 -> s2 0 >
s2 1 -> s2 1 >
s2 + -> s2 + >
s2 # -> s2 # >
s2 . -> s2 . >
s2 _ -> fY _ <
fN 0 -> foundN 0 ^
fN 1 -> foundN 1 ^
fN + -> pz1N + <
fN . -> fN . <
fY 0 -> foundY 0 ^
fY 1 -> foundY 1 ^
fY + -> po1N + <
fY . -> fY . <
foundN 0 -> pzN . <
foundN 1 -> poN . <
foundY 0 -> poN . <
foundY 1 -> pzY . <
pzN 0 -> pzN 0 <
pzN 1 -> pzN 1 <
pzN + -> pz1N + <
pzY 0 -> pzY 0 <
pzY 1 -> pzY 1 <
pzY + -> pz1Y + <
poN 0 -> poN 0 <
poN 1 -> poN 1 <
poN + -> po1N + <
pz1N 0 -> res0N . <
pz1N 1 -> res1N . <
pz1N # -> clear # ^
pz1N . -> pz1N . <
pz1Y 0 -> res0Y . <
pz1Y 1 -> res1Y . <
pz1Y # -> res0Y # ^
pz1Y . -> pz1Y . <
po1N 0 -> res1N . <
po1N 1 -> res0Y . <
po1N # -> res1N # <
po1N . -> po1N . <
res0N 0 -> res0N 0 <
res0N 1 -> res0N 1 <
res0N # -> res0N # <
res0N _ -> s1 0 >
res0Y 0 -> res0Y 0 <
res0Y 1 -> res0Y 1 <
res0Y # -> res0Y # <
res0Y _ -> s2 0 >
res1N 0 -> res1N 0 <
res1N 1 -> res1N 1 <
res1N # -> res1N # <
res1N _ -> s1 1 >
res1Y 0 -> res1Y 0 <
res1Y 1 -> res1Y 1 <
res1Y # -> res1Y # <
res1Y _ -> s2 1 >
clear 0 -> enter0 0 <
clear 1 -> enter0 1 <
clear + -> clear + >
clear # -> clear # >
clear . -> clear . >
clear _ -> clear1 _ <
clear1 + -> clear1 _ <
clear1 # -> fin _ <
clear1 . -> clear1 _ <
fin 0 -> fin 0 <
fin 1 -> fin 1 <
fin _ -> stop _ >
enter0 0 -> enter0 0 <
enter0 1 -> enter0 1 <
enter0 + -> enter0 + <
enter0 # -> enter0 # <
enter0 . -> enter0 . <
enter0 _ -> moveTo 0 >
moveTo 0 -> moveTo 0 >
moveTo 1 -> moveTo 1 >
moveTo + -> copy + >
moveTo # -> moveTo # >
moveTo . -> moveTo . >
copy 0 -> copy 0 >
copy 1 -> copy 1 >
copy . -> whatCopy . <
whatCopy 0 -> copy0 . <
whatCopy 1 -> copy1 . <
whatCopy + -> mH + <
copy0 0 -> copy0 0 <
copy0 1 -> copy0 1 <
copy0 + -> copy0 + <
copy0 # -> copy0 # <
copy0 . -> copy0 . <
copy0 _ -> moveTo 0 >
copy1 0 -> copy1 0 <
copy1 1 -> copy1 1 <
copy1 + -> copy1 + <
copy1 # -> copy1 # <
copy1 . -> copy1 . <
copy1 _ -> moveTo 1 >
mH . -> mH . <
mH # -> clear # ^
